android_2/app/build/intermediates/manifest_merge_blame_file/release/processReleaseMainManifest/manifest-merger-blame-release-report.txt
1<?xml version="1.0" encoding="utf-8"?>
2<manifest xmlns:android="http://schemas.android.com/apk/res/android"
3    package="com.camsat.camsat_app"
4    android:versionCode="1"
5    android:versionName="1.0.0" >
6
7    <uses-sdk
8        android:minSdkVersion="21"
9        android:targetSdkVersion="35" />
10
11    <uses-permission android:name="android.permission.INTERNET" />
11-->[:firebase_messaging] AndroidManifest.xml:7:5-67
11-->[:firebase_messaging] AndroidManifest.xml:7:22-64
12    <uses-permission android:name="android.permission.WAKE_LOCK" />
12-->[:firebase_messaging] AndroidManifest.xml:8:5-68
12-->[:firebase_messaging] AndroidManifest.xml:8:22-65
13    <uses-permission android:name="android.permission.ACCESS_NETWORK_STATE" /> <!-- Permissions options for the `notification` group -->
13-->[:firebase_messaging] AndroidManifest.xml:9:5-79
13-->[:firebase_messaging] AndroidManifest.xml:9:22-76
14    <uses-permission android:name="android.permission.POST_NOTIFICATIONS" /> <!-- Required by older versions of Google Play services to create IID tokens -->
14-->[:firebase_messaging] AndroidManifest.xml:11:5-77
14-->[:firebase_messaging] AndroidManifest.xml:11:22-74
15    <uses-permission android:name="com.google.android.c2dm.permission.RECEIVE" />
15-->[com.google.firebase:firebase-messaging:24.1.1] AndroidManifest.xml:26:5-82
15-->[com.google.firebase:firebase-messaging:24.1.1] AndroidManifest.xml:26:22-79
16
17    <permission
17-->[androidx.core:core:1.13.1] AndroidManifest.xml:22:5-24:47
18        android:name="com.camsat.camsat_app.DYNAMIC_RECEIVER_NOT_EXPORTED_PERMISSION"
18-->[androidx.core:core:1.13.1] AndroidManifest.xml:23:9-81
19        android:protectionLevel="signature" />
19-->[androidx.core:core:1.13.1] AndroidManifest.xml:24:9-44
20
21    <uses-permission android:name="com.camsat.camsat_app.DYNAMIC_RECEIVER_NOT_EXPORTED_PERMISSION" />
21-->[androidx.core:core:1.13.1] AndroidManifest.xml:26:5-97
21-->[androidx.core:core:1.13.1] AndroidManifest.xml:26:22-94
22
23    <application
24        android:name="android.app.Application"
24-->src\main\AndroidManifest.xml:6:9-42
25        android:appComponentFactory="androidx.core.app.CoreComponentFactory"
25-->[androidx.core:core:1.13.1] AndroidManifest.xml:28:18-86
26        android:extractNativeLibs="true"
27        android:icon="@mipmap/ic_launcher"
27-->src\main\AndroidManifest.xml:7:9-43
28        android:label="CAM-SAT"
28-->src\main\AndroidManifest.xml:5:9-32
29        android:usesCleartextTraffic="true" >
29-->src\main\AndroidManifest.xml:8:9-44
30
31        <!-- Kanał powiadomień Firebase -->
32        <meta-data
32-->src\main\AndroidManifest.xml:11:9-13:47
33            android:name="com.google.firebase.messaging.default_notification_channel_id"
33-->src\main\AndroidManifest.xml:12:13-89
34            android:value="default_channel" />
34-->src\main\AndroidManifest.xml:13:13-44
35
36        <activity
36-->src\main\AndroidManifest.xml:15:9-33:20
37            android:name="com.example.klima_test.MainActivity"
37-->src\main\AndroidManifest.xml:16:13-41
38            android:configChanges="orientation|keyboardHidden|keyboard|screenSize|smallestScreenSize|locale|layoutDirection|fontScale|screenLayout|density|uiMode"
38-->src\main\AndroidManifest.xml:21:13-163
39            android:exported="true"
39-->src\main\AndroidManifest.xml:17:13-36
40            android:hardwareAccelerated="true"
40-->src\main\AndroidManifest.xml:22:13-47
41            android:launchMode="singleTop"
41-->src\main\AndroidManifest.xml:18:13-43
42            android:taskAffinity=""
42-->src\main\AndroidManifest.xml:19:13-36
43            android:theme="@style/LaunchTheme"
43-->src\main\AndroidManifest.xml:20:13-47
44            android:windowSoftInputMode="adjustResize" >
44-->src\main\AndroidManifest.xml:23:13-55
45            <meta-data
45-->src\main\AndroidManifest.xml:25:13-27:57
46                android:name="io.flutter.embedding.android.NormalTheme"
46-->src\main\AndroidManifest.xml:26:17-72
47                android:resource="@style/NormalTheme" />
47-->src\main\AndroidManifest.xml:27:17-54
48
49            <intent-filter>
49-->src\main\AndroidManifest.xml:29:13-32:29
50                <action android:name="android.intent.action.MAIN" />
50-->src\main\AndroidManifest.xml:30:17-69
50-->src\main\AndroidManifest.xml:30:25-66
51
52                <category android:name="android.intent.category.LAUNCHER" />
52-->src\main\AndroidManifest.xml:31:17-77
52-->src\main\AndroidManifest.xml:31:27-74
53            </intent-filter>
54        </activity>
55
56        <meta-data
56-->src\main\AndroidManifest.xml:35:9-37:33
57            android:name="flutterEmbedding"
57-->src\main\AndroidManifest.xml:36:13-44
58            android:value="2" />
58-->src\main\AndroidManifest.xml:37:13-30
59
60        <service
60-->[:firebase_messaging] AndroidManifest.xml:14:9-17:72
61            android:name="io.flutter.plugins.firebase.messaging.FlutterFirebaseMessagingBackgroundService"
61-->[:firebase_messaging] AndroidManifest.xml:15:13-107
62            android:exported="false"
62-->[:firebase_messaging] AndroidManifest.xml:16:13-37
63            android:permission="android.permission.BIND_JOB_SERVICE" />
63-->[:firebase_messaging] AndroidManifest.xml:17:13-69
64        <service
64-->[:firebase_messaging] AndroidManifest.xml:18:9-24:19
65            android:name="io.flutter.plugins.firebase.messaging.FlutterFirebaseMessagingService"
65-->[:firebase_messaging] AndroidManifest.xml:19:13-97
66            android:exported="false" >
66-->[:firebase_messaging] AndroidManifest.xml:20:13-37
67            <intent-filter>
67-->[:firebase_messaging] AndroidManifest.xml:21:13-23:29
68                <action android:name="com.google.firebase.MESSAGING_EVENT" />
68-->[:firebase_messaging] AndroidManifest.xml:22:17-78
68-->[:firebase_messaging] AndroidManifest.xml:22:25-75
69            </intent-filter>
70        </service>
71
72        <receiver
72-->[:firebase_messaging] AndroidManifest.xml:26:9-33:20
73            android:name="io.flutter.plugins.firebase.messaging.FlutterFirebaseMessagingReceiver"
73-->[:firebase_messaging] AndroidManifest.xml:27:13-98
74            android:exported="true"
74-->[:firebase_messaging] AndroidManifest.xml:28:13-36
75            android:permission="com.google.android.c2dm.permission.SEND" >
75-->[:firebase_messaging] AndroidManifest.xml:29:13-73
76            <intent-filter>
76-->[:firebase_messaging] AndroidManifest.xml:30:13-32:29
77                <action android:name="com.google.android.c2dm.intent.RECEIVE" />
77-->[:firebase_messaging] AndroidManifest.xml:31:17-81
77-->[:firebase_messaging] AndroidManifest.xml:31:25-78
78            </intent-filter>
79        </receiver>
80
81        <service
81-->[:firebase_messaging] AndroidManifest.xml:35:9-39:19
82            android:name="com.google.firebase.components.ComponentDiscoveryService"
82-->[:firebase_messaging] AndroidManifest.xml:35:18-89
83            android:directBootAware="true"
83-->[com.google.firebase:firebase-common:21.0.0] AndroidManifest.xml:32:13-43
84            android:exported="false" >
84-->[com.google.firebase:firebase-messaging:24.1.1] AndroidManifest.xml:56:13-37
85            <meta-data
85-->[:firebase_messaging] AndroidManifest.xml:36:13-38:85
86                android:name="com.google.firebase.components:io.flutter.plugins.firebase.messaging.FlutterFirebaseAppRegistrar"
86-->[:firebase_messaging] AndroidManifest.xml:37:17-128
87                android:value="com.google.firebase.components.ComponentRegistrar" />
87-->[:firebase_messaging] AndroidManifest.xml:38:17-82
88            <meta-data
88-->[:firebase_core] AndroidManifest.xml:9:13-11:85
89                android:name="com.google.firebase.components:io.flutter.plugins.firebase.core.FlutterFirebaseCoreRegistrar"
89-->[:firebase_core] AndroidManifest.xml:10:17-124
90                android:value="com.google.firebase.components.ComponentRegistrar" />
90-->[:firebase_core] AndroidManifest.xml:11:17-82
91            <meta-data
91-->[com.google.firebase:firebase-messaging:24.1.1] AndroidManifest.xml:57:13-59:85
92                android:name="com.google.firebase.components:com.google.firebase.messaging.FirebaseMessagingKtxRegistrar"
92-->[com.google.firebase:firebase-messaging:24.1.1] AndroidManifest.xml:58:17-122
93                android:value="com.google.firebase.components.ComponentRegistrar" />
93-->[com.google.firebase:firebase-messaging:24.1.1] AndroidManifest.xml:59:17-82
94            <meta-data
94-->[com.google.firebase:firebase-messaging:24.1.1] AndroidManifest.xml:60:13-62:85
95                android:name="com.google.firebase.components:com.google.firebase.messaging.FirebaseMessagingRegistrar"
95-->[com.google.firebase:firebase-messaging:24.1.1] AndroidManifest.xml:61:17-119
96                android:value="com.google.firebase.components.ComponentRegistrar" />
96-->[com.google.firebase:firebase-messaging:24.1.1] AndroidManifest.xml:62:17-82
97            <meta-data
97-->[com.google.firebase:firebase-installations:18.0.0] AndroidManifest.xml:15:13-17:85
98                android:name="com.google.firebase.components:com.google.firebase.installations.FirebaseInstallationsKtxRegistrar"
98-->[com.google.firebase:firebase-installations:18.0.0] AndroidManifest.xml:16:17-130
99                android:value="com.google.firebase.components.ComponentRegistrar" />
99-->[com.google.firebase:firebase-installations:18.0.0] AndroidManifest.xml:17:17-82
100            <meta-data
100-->[com.google.firebase:firebase-installations:18.0.0] AndroidManifest.xml:18:13-20:85
101                android:name="com.google.firebase.components:com.google.firebase.installations.FirebaseInstallationsRegistrar"
101-->[com.google.firebase:firebase-installations:18.0.0] AndroidManifest.xml:19:17-127
102                android:value="com.google.firebase.components.ComponentRegistrar" />
102-->[com.google.firebase:firebase-installations:18.0.0] AndroidManifest.xml:20:17-82
103            <meta-data
103-->[com.google.firebase:firebase-common-ktx:21.0.0] AndroidManifest.xml:12:13-14:85
104                android:name="com.google.firebase.components:com.google.firebase.ktx.FirebaseCommonLegacyRegistrar"
104-->[com.google.firebase:firebase-common-ktx:21.0.0] AndroidManifest.xml:13:17-116
105                android:value="com.google.firebase.components.ComponentRegistrar" />
105-->[com.google.firebase:firebase-common-ktx:21.0.0] AndroidManifest.xml:14:17-82
106            <meta-data
106-->[com.google.firebase:firebase-common:21.0.0] AndroidManifest.xml:35:13-37:85
107                android:name="com.google.firebase.components:com.google.firebase.FirebaseCommonKtxRegistrar"
107-->[com.google.firebase:firebase-common:21.0.0] AndroidManifest.xml:36:17-109
108                android:value="com.google.firebase.components.ComponentRegistrar" />
108-->[com.google.firebase:firebase-common:21.0.0] AndroidManifest.xml:37:17-82
109            <meta-data
109-->[com.google.firebase:firebase-datatransport:18.2.0] AndroidManifest.xml:25:13-27:85
110                android:name="com.google.firebase.components:com.google.firebase.datatransport.TransportRegistrar"
110-->[com.google.firebase:firebase-datatransport:18.2.0] AndroidManifest.xml:26:17-115
111                android:value="com.google.firebase.components.ComponentRegistrar" />
111-->[com.google.firebase:firebase-datatransport:18.2.0] AndroidManifest.xml:27:17-82
112        </service>
113
114        <provider
114-->[:firebase_messaging] AndroidManifest.xml:41:9-45:38
115            android:name="io.flutter.plugins.firebase.messaging.FlutterFirebaseMessagingInitProvider"
115-->[:firebase_messaging] AndroidManifest.xml:42:13-102
116            android:authorities="com.camsat.camsat_app.flutterfirebasemessaginginitprovider"
116-->[:firebase_messaging] AndroidManifest.xml:43:13-88
117            android:exported="false"
117-->[:firebase_messaging] AndroidManifest.xml:44:13-37
118            android:initOrder="99" />
118-->[:firebase_messaging] AndroidManifest.xml:45:13-35
119
120        <receiver
120-->[com.google.firebase:firebase-messaging:24.1.1] AndroidManifest.xml:29:9-40:20
121            android:name="com.google.firebase.iid.FirebaseInstanceIdReceiver"
121-->[com.google.firebase:firebase-messaging:24.1.1] AndroidManifest.xml:30:13-78
122            android:exported="true"
122-->[com.google.firebase:firebase-messaging:24.1.1] AndroidManifest.xml:31:13-36
123            android:permission="com.google.android.c2dm.permission.SEND" >
123-->[com.google.firebase:firebase-messaging:24.1.1] AndroidManifest.xml:32:13-73
124            <intent-filter>
124-->[:firebase_messaging] AndroidManifest.xml:30:13-32:29
125                <action android:name="com.google.android.c2dm.intent.RECEIVE" />
125-->[:firebase_messaging] AndroidManifest.xml:31:17-81
125-->[:firebase_messaging] AndroidManifest.xml:31:25-78
126            </intent-filter>
127
128            <meta-data
128-->[com.google.firebase:firebase-messaging:24.1.1] AndroidManifest.xml:37:13-39:40
129                android:name="com.google.android.gms.cloudmessaging.FINISHED_AFTER_HANDLED"
129-->[com.google.firebase:firebase-messaging:24.1.1] AndroidManifest.xml:38:17-92
130                android:value="true" />
130-->[com.google.firebase:firebase-messaging:24.1.1] AndroidManifest.xml:39:17-37
131        </receiver>
132        <!--
133             FirebaseMessagingService performs security checks at runtime,
134             but set to not exported to explicitly avoid allowing another app to call it.
135        -->
136        <service
136-->[com.google.firebase:firebase-messaging:24.1.1] AndroidManifest.xml:46:9-53:19
137            android:name="com.google.firebase.messaging.FirebaseMessagingService"
137-->[com.google.firebase:firebase-messaging:24.1.1] AndroidManifest.xml:47:13-82
138            android:directBootAware="true"
138-->[com.google.firebase:firebase-messaging:24.1.1] AndroidManifest.xml:48:13-43
139            android:exported="false" >
139-->[com.google.firebase:firebase-messaging:24.1.1] AndroidManifest.xml:49:13-37
140            <intent-filter android:priority="-500" >
140-->[:firebase_messaging] AndroidManifest.xml:21:13-23:29
141                <action android:name="com.google.firebase.MESSAGING_EVENT" />
141-->[:firebase_messaging] AndroidManifest.xml:22:17-78
141-->[:firebase_messaging] AndroidManifest.xml:22:25-75
142            </intent-filter>
143        </service>
144
145        <provider
145-->[:image_picker_android] AndroidManifest.xml:9:9-17:20
146            android:name="io.flutter.plugins.imagepicker.ImagePickerFileProvider"
146-->[:image_picker_android] AndroidManifest.xml:10:13-82
147            android:authorities="com.camsat.camsat_app.flutter.image_provider"
147-->[:image_picker_android] AndroidManifest.xml:11:13-74
148            android:exported="false"
148-->[:image_picker_android] AndroidManifest.xml:12:13-37
149            android:grantUriPermissions="true" >
149-->[:image_picker_android] AndroidManifest.xml:13:13-47
150            <meta-data
150-->[:image_picker_android] AndroidManifest.xml:14:13-16:75
151                android:name="android.support.FILE_PROVIDER_PATHS"
151-->[:image_picker_android] AndroidManifest.xml:15:17-67
152                android:resource="@xml/flutter_image_picker_file_paths" />
152-->[:image_picker_android] AndroidManifest.xml:16:17-72
153        </provider> <!-- Trigger Google Play services to install the backported photo picker module. -->
154        <service
154-->[:image_picker_android] AndroidManifest.xml:19:9-31:19
155            android:name="com.google.android.gms.metadata.ModuleDependencies"
155-->[:image_picker_android] AndroidManifest.xml:20:13-78
156            android:enabled="false"
156-->[:image_picker_android] AndroidManifest.xml:21:13-36
157            android:exported="false" >
157-->[:image_picker_android] AndroidManifest.xml:22:13-37
158            <intent-filter>
158-->[:image_picker_android] AndroidManifest.xml:24:13-26:29
159                <action android:name="com.google.android.gms.metadata.MODULE_DEPENDENCIES" />
159-->[:image_picker_android] AndroidManifest.xml:25:17-94
159-->[:image_picker_android] AndroidManifest.xml:25:25-91
160            </intent-filter>
161
162            <meta-data
162-->[:image_picker_android] AndroidManifest.xml:28:13-30:36
163                android:name="photopicker_activity:0:required"
163-->[:image_picker_android] AndroidManifest.xml:29:17-63
164                android:value="" />
164-->[:image_picker_android] AndroidManifest.xml:30:17-33
165        </service>
166
167        <activity
167-->[:url_launcher_android] AndroidManifest.xml:8:9-11:74
168            android:name="io.flutter.plugins.urllauncher.WebViewActivity"
168-->[:url_launcher_android] AndroidManifest.xml:9:13-74
169            android:exported="false"
169-->[:url_launcher_android] AndroidManifest.xml:10:13-37
170            android:theme="@android:style/Theme.NoTitleBar.Fullscreen" />
170-->[:url_launcher_android] AndroidManifest.xml:11:13-71
171
172        <provider
172-->[com.google.firebase:firebase-common:21.0.0] AndroidManifest.xml:23:9-28:39
173            android:name="com.google.firebase.provider.FirebaseInitProvider"
173-->[com.google.firebase:firebase-common:21.0.0] AndroidManifest.xml:24:13-77
174            android:authorities="com.camsat.camsat_app.firebaseinitprovider"
174-->[com.google.firebase:firebase-common:21.0.0] AndroidManifest.xml:25:13-72
175            android:directBootAware="true"
175-->[com.google.firebase:firebase-common:21.0.0] AndroidManifest.xml:26:13-43
176            android:exported="false"
176-->[com.google.firebase:firebase-common:21.0.0] AndroidManifest.xml:27:13-37
177            android:initOrder="100" />
177-->[com.google.firebase:firebase-common:21.0.0] AndroidManifest.xml:28:13-36
178
179        <activity
179-->[com.google.android.gms:play-services-base:18.1.0] AndroidManifest.xml:20:9-22:45
180            android:name="com.google.android.gms.common.api.GoogleApiActivity"
180-->[com.google.android.gms:play-services-base:18.1.0] AndroidManifest.xml:20:19-85
181            android:exported="false"
181-->[com.google.android.gms:play-services-base:18.1.0] AndroidManifest.xml:22:19-43
182            android:theme="@android:style/Theme.Translucent.NoTitleBar" />
182-->[com.google.android.gms:play-services-base:18.1.0] AndroidManifest.xml:21:19-78
183
184        <uses-library
184-->[androidx.window:window:1.2.0] AndroidManifest.xml:23:9-25:40
185            android:name="androidx.window.extensions"
185-->[androidx.window:window:1.2.0] AndroidManifest.xml:24:13-54
186            android:required="false" />
186-->[androidx.window:window:1.2.0] AndroidManifest.xml:25:13-37
187        <uses-library
187-->[androidx.window:window:1.2.0] AndroidManifest.xml:26:9-28:40
188            android:name="androidx.window.sidecar"
188-->[androidx.window:window:1.2.0] AndroidManifest.xml:27:13-51
189            android:required="false" />
189-->[androidx.window:window:1.2.0] AndroidManifest.xml:28:13-37
190
191        <meta-data
191-->[com.google.android.gms:play-services-basement:18.3.0] AndroidManifest.xml:21:9-23:69
192            android:name="com.google.android.gms.version"
192-->[com.google.android.gms:play-services-basement:18.3.0] AndroidManifest.xml:22:13-58
193            android:value="@integer/google_play_services_version" />
193-->[com.google.android.gms:play-services-basement:18.3.0] AndroidManifest.xml:23:13-66
194
195        <provider
195-->[androidx.lifecycle:lifecycle-process:2.7.0] AndroidManifest.xml:24:9-32:20
196            android:name="androidx.startup.InitializationProvider"
196-->[androidx.lifecycle:lifecycle-process:2.7.0] AndroidManifest.xml:25:13-67
197            android:authorities="com.camsat.camsat_app.androidx-startup"
197-->[androidx.lifecycle:lifecycle-process:2.7.0] AndroidManifest.xml:26:13-68
198            android:exported="false" >
198-->[androidx.lifecycle:lifecycle-process:2.7.0] AndroidManifest.xml:27:13-37
199            <meta-data
199-->[androidx.lifecycle:lifecycle-process:2.7.0] AndroidManifest.xml:29:13-31:52
200                android:name="androidx.lifecycle.ProcessLifecycleInitializer"
200-->[androidx.lifecycle:lifecycle-process:2.7.0] AndroidManifest.xml:30:17-78
201                android:value="androidx.startup" />
201-->[androidx.lifecycle:lifecycle-process:2.7.0] AndroidManifest.xml:31:17-49
202            <meta-data
202-->[androidx.profileinstaller:profileinstaller:1.3.1] AndroidManifest.xml:29:13-31:52
203                android:name="androidx.profileinstaller.ProfileInstallerInitializer"
203-->[androidx.profileinstaller:profileinstaller:1.3.1] AndroidManifest.xml:30:17-85
204                android:value="androidx.startup" />
204-->[androidx.profileinstaller:profileinstaller:1.3.1] AndroidManifest.xml:31:17-49
205        </provider>
206
207        <receiver
207-->[androidx.profileinstaller:profileinstaller:1.3.1] AndroidManifest.xml:34:9-52:20
208            android:name="androidx.profileinstaller.ProfileInstallReceiver"
208-->[androidx.profileinstaller:profileinstaller:1.3.1] AndroidManifest.xml:35:13-76
209            android:directBootAware="false"
209-->[androidx.profileinstaller:profileinstaller:1.3.1] AndroidManifest.xml:36:13-44
210            android:enabled="true"
210-->[androidx.profileinstaller:profileinstaller:1.3.1] AndroidManifest.xml:37:13-35
211            android:exported="true"
211-->[androidx.profileinstaller:profileinstaller:1.3.1] AndroidManifest.xml:38:13-36
212            android:permission="android.permission.DUMP" >
212-->[androidx.profileinstaller:profileinstaller:1.3.1] AndroidManifest.xml:39:13-57
213            <intent-filter>
213-->[androidx.profileinstaller:profileinstaller:1.3.1] AndroidManifest.xml:40:13-42:29
214                <action android:name="androidx.profileinstaller.action.INSTALL_PROFILE" />
214-->[androidx.profileinstaller:profileinstaller:1.3.1] AndroidManifest.xml:41:17-91
214-->[androidx.profileinstaller:profileinstaller:1.3.1] AndroidManifest.xml:41:25-88
215            </intent-filter>
216            <intent-filter>
216-->[androidx.profileinstaller:profileinstaller:1.3.1] AndroidManifest.xml:43:13-45:29
217                <action android:name="androidx.profileinstaller.action.SKIP_FILE" />
217-->[androidx.profileinstaller:profileinstaller:1.3.1] AndroidManifest.xml:44:17-85
217-->[androidx.profileinstaller:profileinstaller:1.3.1] AndroidManifest.xml:44:25-82
218            </intent-filter>
219            <intent-filter>
219-->[androidx.profileinstaller:profileinstaller:1.3.1] AndroidManifest.xml:46:13-48:29
220                <action android:name="androidx.profileinstaller.action.SAVE_PROFILE" />
220-->[androidx.profileinstaller:profileinstaller:1.3.1] AndroidManifest.xml:47:17-88
220-->[androidx.profileinstaller:profileinstaller:1.3.1] AndroidManifest.xml:47:25-85
221            </intent-filter>
222            <intent-filter>
222-->[androidx.profileinstaller:profileinstaller:1.3.1] AndroidManifest.xml:49:13-51:29
223                <action android:name="androidx.profileinstaller.action.BENCHMARK_OPERATION" />
223-->[androidx.profileinstaller:profileinstaller:1.3.1] AndroidManifest.xml:50:17-95
223-->[androidx.profileinstaller:profileinstaller:1.3.1] AndroidManifest.xml:50:25-92
224            </intent-filter>
225        </receiver>
226
227        <service
227-->[com.google.android.datatransport:transport-backend-cct:3.1.9] AndroidManifest.xml:28:9-34:19
228            android:name="com.google.android.datatransport.runtime.backends.TransportBackendDiscovery"
228-->[com.google.android.datatransport:transport-backend-cct:3.1.9] AndroidManifest.xml:29:13-103
229            android:exported="false" >
229-->[com.google.android.datatransport:transport-backend-cct:3.1.9] AndroidManifest.xml:30:13-37
230            <meta-data
230-->[com.google.android.datatransport:transport-backend-cct:3.1.9] AndroidManifest.xml:31:13-33:39
231                android:name="backend:com.google.android.datatransport.cct.CctBackendFactory"
231-->[com.google.android.datatransport:transport-backend-cct:3.1.9] AndroidManifest.xml:32:17-94
232                android:value="cct" />
232-->[com.google.android.datatransport:transport-backend-cct:3.1.9] AndroidManifest.xml:33:17-36
233        </service>
234        <service
234-->[com.google.android.datatransport:transport-runtime:3.1.9] AndroidManifest.xml:26:9-30:19
235            android:name="com.google.android.datatransport.runtime.scheduling.jobscheduling.JobInfoSchedulerService"
235-->[com.google.android.datatransport:transport-runtime:3.1.9] AndroidManifest.xml:27:13-117
236            android:exported="false"
236-->[com.google.android.datatransport:transport-runtime:3.1.9] AndroidManifest.xml:28:13-37
237            android:permission="android.permission.BIND_JOB_SERVICE" >
237-->[com.google.android.datatransport:transport-runtime:3.1.9] AndroidManifest.xml:29:13-69
238        </service>
239
240        <receiver
240-->[com.google.android.datatransport:transport-runtime:3.1.9] AndroidManifest.xml:32:9-34:40
241            android:name="com.google.android.datatransport.runtime.scheduling.jobscheduling.AlarmManagerSchedulerBroadcastReceiver"
241-->[com.google.android.datatransport:transport-runtime:3.1.9] AndroidManifest.xml:33:13-132
242            android:exported="false" />
242-->[com.google.android.datatransport:transport-runtime:3.1.9] AndroidManifest.xml:34:13-37
243    </application>
244
245</manifest>